mode: set
landing_service/main.go:13.43,16.2 1 1
landing_service/main.go:22.44,29.16 6 0
landing_service/main.go:29.16,31.3 1 0
landing_service/main.go:32.2,35.16 4 0
landing_service/main.go:35.16,37.3 1 0
landing_service/main.go:38.2,39.16 2 0
landing_service/main.go:39.16,41.3 1 0
landing_service/main.go:42.2,42.30 1 0
landing_service/main.go:42.30,44.3 1 0
landing_service/main.go:44.8,44.35 1 0
landing_service/main.go:44.35,46.3 1 0
landing_service/main.go:50.30,57.2 5 1
landing_service/main.go:59.13,67.2 3 0
